GOAL: Convert React project to use Vite and Tailwind CSS
IMPLEMENTATION:
1. Initialized Vite project with React template
2. Installed and configured required dependencies:
   - @vitejs/plugin-react for Vite React support
   - tailwindcss, postcss, autoprefixer for styling
   - @heroicons/react for icons
   - @tailwindcss/forms for form styling
   - react-router-dom for routing
3. Set up configuration files:
   - vite.config.js for Vite settings
   - tailwind.config.js for Tailwind with forms plugin
   - postcss.config.js for PostCSS
4. Updated entry files:
   - index.html as Vite entry point
   - src/main.jsx as React entry
   - src/App.jsx with Tailwind dark mode support
5. Migrated CSS to Tailwind:
   - Converted existing styles to Tailwind classes
   - Set up component classes in index.css
COMPLETED: 15-03-25 22:19
